<?xml version="1.0" encoding="UTF-8"?>
<testsuite name="(empty)"
	tests="9"
	failures="6"
	disabled="0"
	skipped="0"
	hostname=""
	time="30"
	timestamp="2024-01-30T09:32:37"
	>
	<testcase name="DataObjectsTest_RebinnedOutputTest" classname="DataObjectsTest_RebinnedOutputTest" time="0.202336" status="fail">
		<failure message=""/>
		<system-out>Exit code 0xc0000139

</system-out>
	</testcase>
	<testcase name="python.plots.testingOutputTest.testingOutputTest" classname="python.plots.testingOutputTest.testingOutputTest" time="0.278792" status="run">
		<system-out>.
----------------------------------------------------------------------
Ran 1 test in 0.001s

OK
</system-out>
	</testcase>
	<testcase name="python.algorithms.LoadGudrunOutputTest.LoadGudrunOutputTest" classname="python.algorithms.LoadGudrunOutputTest.LoadGudrunOutputTest" time="15.7754" status="run">
		<system-out>FrameworkManager-[Notice] Welcome to Mantid 6.8.20240124.1414
FrameworkManager-[Notice] Please cite: http://dx.doi.org/10.1016/j.nima.2014.07.029 and this release: http://dx.doi.org/10.5286/Software/Mantid
LoadGudrunOutput-[Notice] LoadGudrunOutput started
LoadGudrunOutput-[Error] Error in execution of algorithm LoadGudrunOutput:
LoadGudrunOutput-[Error] Incorrect data format: The input file C:\Users\bya67386\AppData\Local\Temp\tmpmgl8f2_u.dcs01 must have an odd number of columns in the format X , Y , E, Y1, E1, Y2, E2, ...
LoadGudrunOutput-[Error]   at line 42 in 'C:/Users/bya67386/work/mantid/Framework/PythonInterface/plugins/algorithms/LoadGudrunOutput.py'
LoadGudrunOutput-[Error]   caused by line 82 in 'C:/Users/bya67386/work/mantid/Framework/PythonInterface/plugins/algorithms/LoadGudrunOutput.py'
...LoadGudrunOutput-[Notice] LoadGudrunOutput started
CreateWorkspace-[Notice] CreateWorkspace started (child)
CreateWorkspace-[Notice] CreateWorkspace successful, Duration 0.01 seconds
LoadGudrunOutput-[Notice]...
[This part of the test output was removed since it exceeds the threshold of 1024 bytes.]
</system-out>
	</testcase>
	<testcase name="MantidQtInterfacesInelasticTestQt5_IndirectFitOutputTest" classname="MantidQtInterfacesInelasticTestQt5_IndirectFitOutputTest" time="0.283371" status="fail">
		<failure message=""/>
		<system-out>Exit code 0xc0000139

</system-out>
	</testcase>
	<testcase name="MantidQtInterfacesInelasticTestQt5_IndirectFitOutputOptionsModelTest" classname="MantidQtInterfacesInelasticTestQt5_IndirectFitOutputOptionsModelTest" time="0.271231" status="fail">
		<failure message=""/>
		<system-out>Exit code 0xc0000139

</system-out>
	</testcase>
	<testcase name="MantidQtInterfacesInelasticTestQt5_IndirectFitOutputOptionsPresenterTest" classname="MantidQtInterfacesInelasticTestQt5_IndirectFitOutputOptionsPresenterTest" time="0.296986" status="fail">
		<failure message=""/>
		<system-out>Exit code 0xc0000139

</system-out>
	</testcase>
	<testcase name="MantidQtInterfacesInelasticTestQt5_OutputPlotOptionsModelTest" classname="MantidQtInterfacesInelasticTestQt5_OutputPlotOptionsModelTest" time="0.31987" status="fail">
		<failure message=""/>
		<system-out>Exit code 0xc0000139

</system-out>
	</testcase>
	<testcase name="MantidQtInterfacesInelasticTestQt5_OutputPlotOptionsPresenterTest" classname="MantidQtInterfacesInelasticTestQt5_OutputPlotOptionsPresenterTest" time="0.265752" status="fail">
		<failure message=""/>
		<system-out>Exit code 0xc0000139

</system-out>
	</testcase>
	<testcase name="python.IsisPowder.ISISPowderGemOutputTest.ISISPowderGemOutputTest" classname="python.IsisPowder.ISISPowderGemOutputTest.ISISPowderGemOutputTest" time="4.54995" status="run">
		<system-out>FrameworkManager-[Notice] Welcome to Mantid 6.8.20240124.1414
FrameworkManager-[Notice] Please cite: http://dx.doi.org/10.1016/j.nima.2014.07.029 and this release: http://dx.doi.org/10.5286/Software/Mantid
CreateSampleWorkspace-[Notice] CreateSampleWorkspace started
CreateSampleWorkspace-[Notice] CreateSampleWorkspace successful, Duration 0.01 seconds
CreateSampleWorkspace-[Notice] CreateSampleWorkspace started
CreateSampleWorkspace-[Notice] CreateSampleWorkspace successful, Duration 0.01 seconds
GroupWorkspaces-[Notice] GroupWorkspaces started
GroupWorkspaces-[Notice] GroupWorkspaces successful, Duration 0.00 seconds
CropWorkspace-[Notice] CropWorkspace started
CropWorkspace-[Notice] CropWorkspace started (child)
CropWorkspace-[Notice] CropWorkspace successful, Duration 0.00 seconds
CropWorkspace-[Notice] CropWorkspace started (child)
CropWorkspace-[Notice] CropWorkspace successful, Duration 0.00 seconds
CropWorkspace-[Notice] CropWorkspace successful, Duration 0.01 seconds. Processed as a workspace group
Sa...
[This part of the test output was removed since it exceeds the threshold of 1024 bytes.]
</system-out>
	</testcase>
</testsuite>
